\BOOKMARK [1][-]{section*.1}{\376\377\000C\000o\000u\000r\000s\000e\000\040\000D\000e\000s\000c\000r\000i\000p\000t\000i\000o\000n}{}% 1
\BOOKMARK [1][-]{section*.2}{\376\377\000C\000o\000u\000r\000s\000e\000\040\000G\000o\000a\000l\000s}{}% 2
\BOOKMARK [1][-]{section*.3}{\376\377\000C\000o\000u\000r\000s\000e\000\040\000L\000e\000a\000r\000n\000i\000n\000g\000\040\000O\000b\000j\000e\000c\000t\000i\000v\000e\000s}{}% 3
\BOOKMARK [1][-]{section*.4}{\376\377\000R\000e\000q\000u\000i\000r\000e\000d\000\040\000S\000t\000u\000d\000e\000n\000t\000\040\000R\000e\000s\000o\000u\000r\000c\000e\000s}{}% 4
\BOOKMARK [2][-]{section*.5}{\376\377\000P\000r\000e\000r\000e\000q\000u\000i\000s\000i\000t\000e\000s}{section*.4}% 5
\BOOKMARK [2][-]{section*.6}{\376\377\000T\000e\000c\000h\000n\000o\000l\000o\000g\000y}{section*.4}% 6
\BOOKMARK [2][-]{section*.7}{\376\377\000R\000e\000a\000d\000i\000n\000g}{section*.4}% 7
\BOOKMARK [1][-]{section*.8}{\376\377\000E\000v\000a\000l\000u\000a\000t\000i\000o\000n\000\040\000P\000r\000o\000c\000e\000d\000u\000r\000e\000s\000\040\000a\000n\000d\000\040\000G\000r\000a\000d\000i\000n\000g\000\040\000C\000r\000i\000t\000e\000r\000i\000a}{}% 8
\BOOKMARK [2][-]{section*.9}{\376\377\000Q\000u\000i\000z\000z\000e\000s\000\040\000\050\0004\0000\000\045\000\051}{section*.8}% 9
\BOOKMARK [2][-]{section*.10}{\376\377\000N\000e\000w\000s\000\040\000r\000e\000p\000o\000r\000t\000s\000\040\000\050\0004\0000\000\045\000\051}{section*.8}% 10
\BOOKMARK [2][-]{section*.11}{\376\377\000P\000a\000r\000t\000i\000c\000i\000p\000a\000t\000i\000o\000n\000\040\000\050\0002\0000\000\045\000\051}{section*.8}% 11
\BOOKMARK [2][-]{section*.12}{\376\377\000F\000i\000n\000a\000l\000\040\000E\000x\000a\000m\000\040\000\050\0003\0000\000\045\000\040\000o\000f\000\040\000f\000i\000n\000a\000l\000\040\000g\000r\000a\000d\000e\000\051}{section*.8}% 12
\BOOKMARK [2][-]{section*.13}{\376\377\000L\000a\000t\000e\000\040\000w\000o\000r\000k\000\040\000p\000o\000l\000i\000c\000y}{section*.8}% 13
\BOOKMARK [2][-]{section*.14}{\376\377\000G\000r\000a\000d\000i\000n\000g}{section*.8}% 14
\BOOKMARK [1][-]{section*.15}{\376\377\000A\000t\000t\000e\000n\000d\000a\000n\000c\000e\000\040\000S\000t\000a\000t\000e\000m\000e\000n\000t}{}% 15
\BOOKMARK [1][-]{section*.16}{\376\377\000R\000e\000m\000o\000t\000e\000\040\000C\000o\000u\000r\000s\000e\000\040\000P\000o\000l\000i\000c\000i\000e\000s}{}% 16
\BOOKMARK [1][-]{section*.17}{\376\377\000R\000e\000c\000o\000r\000d\000i\000n\000g\000\040\000o\000f\000\040\000c\000l\000a\000s\000s\000\040\000s\000e\000s\000s\000i\000o\000n\000s}{}% 17
\BOOKMARK [1][-]{section*.18}{\376\377\000A\000D\000A\000/\000A\000c\000c\000e\000s\000s\000i\000b\000i\000l\000i\000t\000y\000\040\000S\000t\000a\000t\000e\000m\000e\000n\000t}{}% 18
\BOOKMARK [1][-]{section*.19}{\376\377\000C\000o\000d\000e\000\040\000o\000f\000\040\000A\000c\000a\000d\000e\000m\000i\000c\000\040\000C\000o\000n\000d\000u\000c\000t}{}% 19
\BOOKMARK [1][-]{section*.20}{\376\377\000R\000e\000l\000i\000g\000i\000o\000u\000s\000\040\000A\000c\000c\000o\000m\000o\000d\000a\000t\000i\000o\000n\000\040\000P\000o\000l\000i\000c\000y}{}% 20
\BOOKMARK [1][-]{section*.21}{\376\377\000C\000o\000u\000r\000s\000e\000\040\000S\000c\000h\000e\000d\000u\000l\000e}{}% 21
\BOOKMARK [2][-]{section*.22}{\376\377\000I\000m\000p\000o\000r\000t\000a\000n\000t\000\040\000d\000a\000t\000e\000s}{section*.21}% 22
\BOOKMARK [2][-]{section*.23}{\376\377\000W\000e\000e\000k\000\040\0001\000\040\000\050\000A\000u\000g\000u\000s\000t\000\040\0002\0004\000/\0002\0006\000\051\000:\000\040\000I\000n\000t\000r\000o\000d\000u\000c\000t\000i\000o\000n\000\040\000+\000\040\000W\000h\000a\000t\000\040\000i\000s\000\040\000S\000c\000i\000e\000n\000c\000e\000?}{section*.21}% 23
\BOOKMARK [2][-]{section*.24}{\376\377\000W\000e\000e\000k\000\040\0002\000\040\000\050\000S\000e\000p\000t\000e\000m\000b\000e\000r\000\040\0001\0003\000-\0001\0007\000\051\000:\000\040\000W\000h\000a\000t\000\040\000i\000s\000\040\000P\000o\000l\000i\000t\000i\000c\000s\000?}{section*.21}% 24
\BOOKMARK [2][-]{section*.25}{\376\377\000W\000e\000e\000k\000\040\0003\000\040\000\050\000S\000e\000p\000t\000e\000m\000b\000e\000r\000\040\0002\0000\000-\0002\0004\000\051\000:\000\040\000F\000A\000L\000L\000\040\000B\000R\000E\000A\000K\000\040\000\050\000N\000O\000\040\000C\000L\000A\000S\000S\000\051}{section*.21}% 25
\BOOKMARK [2][-]{section*.26}{\376\377\000W\000e\000e\000k\000\040\0004\000\040\000\050\000S\000e\000p\000t\000e\000m\000b\000e\000r\000\040\0002\0007\000-\000\040\000O\000c\000t\000o\000b\000e\000r\000\040\0001\000\051\000:\000\040\000W\000h\000a\000t\000\040\000a\000r\000e\000\040\000S\000t\000a\000t\000e\000s\000?}{section*.21}% 26
\BOOKMARK [2][-]{section*.27}{\376\377\000W\000e\000e\000k\000\040\0005\000\040\000\050\000S\000e\000p\000t\000e\000m\000b\000e\000r\000\040\0004\000\040\000-\000\040\000O\000c\000t\000o\000b\000e\000r\000\040\0008\000\051\000:\000\040\000D\000e\000m\000o\000c\000r\000a\000c\000y\000\040\000a\000n\000d\000\040\000D\000i\000c\000t\000a\000t\000o\000r\000s\000h\000i\000p}{section*.21}% 27
\BOOKMARK [2][-]{section*.28}{\376\377\000W\000e\000e\000k\000\040\0006\000\040\000\050\000O\000c\000t\000o\000b\000e\000r\000\040\0001\0001\000-\0001\0005\000\051\000:\000\040\000E\000c\000o\000n\000o\000m\000i\000c\000\040\000D\000e\000t\000e\000r\000m\000i\000n\000a\000n\000t\000s\000\040\000o\000f\000\040\000D\000e\000m\000o\000c\000r\000a\000c\000y\000\040\000a\000n\000d\000\040\000D\000i\000c\000t\000a\000t\000o\000r\000s\000h\000i\000p}{section*.21}% 28
\BOOKMARK [2][-]{section*.29}{\376\377\000W\000e\000e\000k\000\040\0007\000\040\000\050\000O\000c\000t\000o\000b\000e\000r\000\040\0001\0008\000-\0002\0002\000\051\000:\000\040\000C\000u\000l\000t\000u\000r\000a\000l\000\040\000D\000e\000t\000e\000r\000m\000i\000n\000a\000n\000t\000s\000\040\000o\000f\000\040\000D\000e\000m\000o\000c\000r\000a\000c\000y\000\040\000a\000n\000d\000\040\000D\000i\000c\000t\000a\000t\000o\000r\000s\000h\000i\000p}{section*.21}% 29
\BOOKMARK [2][-]{section*.30}{\376\377\000W\000e\000e\000k\000\040\0008\000\040\000\050\000O\000c\000t\000o\000b\000e\000r\000\040\0002\0005\000-\0002\0009\000\051\000:\000\040\000D\000e\000m\000o\000c\000r\000a\000t\000i\000c\000\040\000T\000r\000a\000n\000s\000i\000t\000i\000o\000n\000s}{section*.21}% 30
\BOOKMARK [2][-]{section*.31}{\376\377\000W\000e\000e\000k\000\040\0009\000\040\000\050\000N\000o\000v\000e\000m\000b\000e\000r\000\040\0001\000-\0005\000\051\000:\000\040\000D\000e\000m\000o\000c\000r\000a\000c\000y\000\040\000v\000s\000.\000\040\000D\000i\000c\000t\000a\000t\000o\000r\000s\000h\000i\000p}{section*.21}% 31
\BOOKMARK [2][-]{section*.32}{\376\377\000W\000e\000e\000k\000\040\0001\0000\000\040\000\050\000N\000o\000v\000e\000m\000b\000e\000r\000\040\0008\000-\0001\0002\000\051\000:\000\040\000P\000r\000o\000b\000l\000e\000m\000s\000\040\000w\000i\000t\000h\000\040\000G\000r\000o\000u\000p\000-\000D\000e\000c\000i\000s\000i\000o\000n\000\040\000M\000a\000k\000i\000n\000g}{section*.21}% 32
\BOOKMARK [2][-]{section*.33}{\376\377\000W\000e\000e\000k\000\040\0001\0001\000\040\000\050\000N\000o\000v\000e\000m\000b\000e\000r\000\040\0001\0005\000-\0001\0009\000\051\000:\000\040\000P\000a\000r\000l\000i\000a\000m\000e\000n\000t\000a\000r\000y\000,\000\040\000P\000r\000e\000s\000i\000d\000e\000n\000t\000i\000a\000l\000,\000\040\000a\000n\000d\000\040\000S\000e\000m\000i\000-\000P\000r\000e\000s\000i\000d\000e\000n\000t\000i\000a\000l\000\040\000D\000e\000m\000o\000c\000r\000a\000c\000i\000e\000s}{section*.21}% 33
\BOOKMARK [2][-]{section*.34}{\376\377\000W\000e\000e\000k\000\040\0001\0002\000\040\000\050\000N\000o\000v\000e\000m\000b\000e\000r\000\040\0002\0002\000-\0002\0006\000\051\000:\000\040\000T\000h\000a\000n\000k\000s\000g\000i\000v\000i\000n\000g\000\040\000B\000r\000e\000a\000k\000\040\000-\000\040\000N\000O\000\040\000C\000L\000A\000S\000S}{section*.21}% 34
\BOOKMARK [2][-]{section*.35}{\376\377\000W\000e\000e\000k\000\040\0001\0003\000\040\000\050\000N\000o\000v\000e\000m\000b\000e\000r\000\040\0002\0009\000-\000D\000e\000c\000e\000m\000b\000e\000r\000\040\0003\000\051\000:\000\040\000E\000l\000e\000c\000t\000i\000o\000n\000s\000\040\000a\000n\000d\000\040\000E\000l\000e\000c\000t\000o\000r\000a\000l\000\040\000S\000y\000s\000t\000e\000m\000s}{section*.21}% 35
\BOOKMARK [2][-]{section*.36}{\376\377\000W\000e\000e\000k\000\040\0001\0004\000\040\000\050\000D\000e\000c\000e\000m\000b\000e\000r\000\040\0006\000-\0001\0000\000\051\000:\000\040\000S\000o\000c\000i\000a\000l\000\040\000C\000l\000e\000a\000v\000a\000g\000e\000s\000\040\000a\000n\000d\000\040\000P\000a\000r\000t\000y\000\040\000S\000y\000s\000t\000e\000m\000s}{section*.21}% 36
\BOOKMARK [2][-]{section*.37}{\376\377\000W\000e\000e\000k\000\040\0001\0005\000\040\000\050\000D\000e\000c\000e\000m\000b\000e\000r\000\040\0001\0003\000-\0001\0007\000\051\000:\000\040\000I\000n\000s\000t\000i\000t\000u\000t\000i\000o\000n\000a\000l\000\040\000V\000e\000t\000o\000\040\000P\000l\000a\000y\000e\000r\000s}{section*.21}% 37
\BOOKMARK [2][-]{section*.38}{\376\377\000W\000e\000e\000k\000\040\0001\0006\000\040\000\050\000D\000e\000c\000e\000m\000b\000e\000r\000\040\0002\0001\000\051\000:\000\040\000F\000I\000N\000A\000L\000\040\000E\000X\000A\000M\000\040\000D\000U\000E\000\040\0001\0001\000:\0005\0009\000\040\000P\000M}{section*.21}% 38
\BOOKMARK [1][-]{section*.39}{\376\377\000T\000i\000t\000l\000e\000\040\000I\000X}{}% 39
\BOOKMARK [1][-]{section*.40}{\376\377\000E\000m\000e\000r\000g\000e\000n\000c\000y\000\040\000P\000r\000e\000p\000a\000r\000e\000d\000n\000e\000s\000s\000\040\000\046\000\040\000R\000e\000s\000p\000o\000n\000s\000e}{}% 40
